\BOOKMARK [0][-]{chapter.1}{\376\377\0001\000\040\000T\000o\000d\000o\000\040\000L\000i\000s\000t}{}% 1
\BOOKMARK [0][-]{chapter.2}{\376\377\0002\000\040\000C\000l\000a\000s\000s\000\040\000I\000n\000d\000e\000x}{}% 2
\BOOKMARK [1][-]{section.2.1}{\376\377\0002\000.\0001\000\040\000C\000l\000a\000s\000s\000\040\000L\000i\000s\000t}{chapter.2}% 3
\BOOKMARK [0][-]{chapter.3}{\376\377\0003\000\040\000C\000l\000a\000s\000s\000\040\000D\000o\000c\000u\000m\000e\000n\000t\000a\000t\000i\000o\000n}{}% 4
\BOOKMARK [1][-]{section.3.1}{\376\377\0003\000.\0001\000\040\000s\000i\000p\000m\000:\000:\000S\000i\000P\000M\000A\000d\000c\000\040\000C\000l\000a\000s\000s\000\040\000R\000e\000f\000e\000r\000e\000n\000c\000e}{chapter.3}% 5
\BOOKMARK [2][-]{subsection.3.1.1}{\376\377\0003\000.\0001\000.\0001\000\040\000D\000e\000t\000a\000i\000l\000e\000d\000\040\000D\000e\000s\000c\000r\000i\000p\000t\000i\000o\000n}{section.3.1}% 6
\BOOKMARK [2][-]{subsection.3.1.2}{\376\377\0003\000.\0001\000.\0002\000\040\000M\000e\000m\000b\000e\000r\000\040\000F\000u\000n\000c\000t\000i\000o\000n\000\040\000D\000o\000c\000u\000m\000e\000n\000t\000a\000t\000i\000o\000n}{section.3.1}% 7
\BOOKMARK [3][-]{subsubsection.3.1.2.1}{\376\377\0003\000.\0001\000.\0002\000.\0001\000\040\000d\000i\000g\000i\000t\000i\000z\000e\000\050\000\051}{subsection.3.1.2}% 8
\BOOKMARK [1][-]{section.3.2}{\376\377\0003\000.\0002\000\040\000s\000i\000p\000m\000:\000:\000S\000i\000P\000M\000A\000n\000a\000l\000o\000g\000S\000i\000g\000n\000a\000l\000\040\000C\000l\000a\000s\000s\000\040\000R\000e\000f\000e\000r\000e\000n\000c\000e}{chapter.3}% 9
\BOOKMARK [2][-]{subsection.3.2.1}{\376\377\0003\000.\0002\000.\0001\000\040\000D\000e\000t\000a\000i\000l\000e\000d\000\040\000D\000e\000s\000c\000r\000i\000p\000t\000i\000o\000n}{section.3.2}% 10
\BOOKMARK [2][-]{subsection.3.2.2}{\376\377\0003\000.\0002\000.\0002\000\040\000M\000e\000m\000b\000e\000r\000\040\000F\000u\000n\000c\000t\000i\000o\000n\000\040\000D\000o\000c\000u\000m\000e\000n\000t\000a\000t\000i\000o\000n}{section.3.2}% 11
\BOOKMARK [3][-]{subsubsection.3.2.2.1}{\376\377\0003\000.\0002\000.\0002\000.\0001\000\040\000i\000n\000t\000e\000g\000r\000a\000l\000\050\000\051}{subsection.3.2.2}% 12
\BOOKMARK [3][-]{subsubsection.3.2.2.2}{\376\377\0003\000.\0002\000.\0002\000.\0002\000\040\000l\000o\000w\000p\000a\000s\000s\000\050\000\051}{subsection.3.2.2}% 13
\BOOKMARK [3][-]{subsubsection.3.2.2.3}{\376\377\0003\000.\0002\000.\0002\000.\0003\000\040\000p\000e\000a\000k\000\050\000\051}{subsection.3.2.2}% 14
\BOOKMARK [3][-]{subsubsection.3.2.2.4}{\376\377\0003\000.\0002\000.\0002\000.\0004\000\040\000t\000o\000a\000\050\000\051}{subsection.3.2.2}% 15
\BOOKMARK [3][-]{subsubsection.3.2.2.5}{\376\377\0003\000.\0002\000.\0002\000.\0005\000\040\000t\000o\000p\000\050\000\051}{subsection.3.2.2}% 16
\BOOKMARK [3][-]{subsubsection.3.2.2.6}{\376\377\0003\000.\0002\000.\0002\000.\0006\000\040\000t\000o\000t\000\050\000\051}{subsection.3.2.2}% 17
\BOOKMARK [1][-]{section.3.3}{\376\377\0003\000.\0003\000\040\000s\000i\000p\000m\000:\000:\000S\000i\000P\000M\000D\000e\000b\000u\000g\000I\000n\000f\000o\000\040\000S\000t\000r\000u\000c\000t\000\040\000R\000e\000f\000e\000r\000e\000n\000c\000e}{chapter.3}% 18
\BOOKMARK [2][-]{subsection.3.3.1}{\376\377\0003\000.\0003\000.\0001\000\040\000D\000e\000t\000a\000i\000l\000e\000d\000\040\000D\000e\000s\000c\000r\000i\000p\000t\000i\000o\000n}{section.3.3}% 19
\BOOKMARK [1][-]{section.3.4}{\376\377\0003\000.\0004\000\040\000s\000i\000p\000m\000:\000:\000S\000i\000P\000M\000D\000i\000g\000i\000t\000a\000l\000S\000i\000g\000n\000a\000l\000\040\000C\000l\000a\000s\000s\000\040\000R\000e\000f\000e\000r\000e\000n\000c\000e}{chapter.3}% 20
\BOOKMARK [2][-]{subsection.3.4.1}{\376\377\0003\000.\0004\000.\0001\000\040\000D\000e\000t\000a\000i\000l\000e\000d\000\040\000D\000e\000s\000c\000r\000i\000p\000t\000i\000o\000n}{section.3.4}% 21
\BOOKMARK [2][-]{subsection.3.4.2}{\376\377\0003\000.\0004\000.\0002\000\040\000M\000e\000m\000b\000e\000r\000\040\000F\000u\000n\000c\000t\000i\000o\000n\000\040\000D\000o\000c\000u\000m\000e\000n\000t\000a\000t\000i\000o\000n}{section.3.4}% 22
\BOOKMARK [3][-]{subsubsection.3.4.2.1}{\376\377\0003\000.\0004\000.\0002\000.\0001\000\040\000i\000n\000t\000e\000g\000r\000a\000l\000\050\000\051}{subsection.3.4.2}% 23
\BOOKMARK [3][-]{subsubsection.3.4.2.2}{\376\377\0003\000.\0004\000.\0002\000.\0002\000\040\000p\000e\000a\000k\000\050\000\051}{subsection.3.4.2}% 24
\BOOKMARK [3][-]{subsubsection.3.4.2.3}{\376\377\0003\000.\0004\000.\0002\000.\0003\000\040\000t\000o\000a\000\050\000\051}{subsection.3.4.2}% 25
\BOOKMARK [3][-]{subsubsection.3.4.2.4}{\376\377\0003\000.\0004\000.\0002\000.\0004\000\040\000t\000o\000p\000\050\000\051}{subsection.3.4.2}% 26
\BOOKMARK [3][-]{subsubsection.3.4.2.5}{\376\377\0003\000.\0004\000.\0002\000.\0005\000\040\000t\000o\000t\000\050\000\051}{subsection.3.4.2}% 27
\BOOKMARK [1][-]{section.3.5}{\376\377\0003\000.\0005\000\040\000s\000i\000p\000m\000:\000:\000S\000i\000P\000M\000H\000i\000t\000\040\000C\000l\000a\000s\000s\000\040\000R\000e\000f\000e\000r\000e\000n\000c\000e}{chapter.3}% 28
\BOOKMARK [2][-]{subsection.3.5.1}{\376\377\0003\000.\0005\000.\0001\000\040\000D\000e\000t\000a\000i\000l\000e\000d\000\040\000D\000e\000s\000c\000r\000i\000p\000t\000i\000o\000n}{section.3.5}% 29
\BOOKMARK [2][-]{subsection.3.5.2}{\376\377\0003\000.\0005\000.\0002\000\040\000M\000e\000m\000b\000e\000r\000\040\000E\000n\000u\000m\000e\000r\000a\000t\000i\000o\000n\000\040\000D\000o\000c\000u\000m\000e\000n\000t\000a\000t\000i\000o\000n}{section.3.5}% 30
\BOOKMARK [3][-]{subsubsection.3.5.2.1}{\376\377\0003\000.\0005\000.\0002\000.\0001\000\040\000H\000i\000t\000T\000y\000p\000e}{subsection.3.5.2}% 31
\BOOKMARK [2][-]{subsection.3.5.3}{\376\377\0003\000.\0005\000.\0003\000\040\000C\000o\000n\000s\000t\000r\000u\000c\000t\000o\000r\000\040\000\046\000\040\000D\000e\000s\000t\000r\000u\000c\000t\000o\000r\000\040\000D\000o\000c\000u\000m\000e\000n\000t\000a\000t\000i\000o\000n}{section.3.5}% 32
\BOOKMARK [3][-]{subsubsection.3.5.3.1}{\376\377\0003\000.\0005\000.\0003\000.\0001\000\040\000S\000i\000P\000M\000H\000i\000t\000\050\000\051}{subsection.3.5.3}% 33
\BOOKMARK [2][-]{subsection.3.5.4}{\376\377\0003\000.\0005\000.\0004\000\040\000M\000e\000m\000b\000e\000r\000\040\000F\000u\000n\000c\000t\000i\000o\000n\000\040\000D\000o\000c\000u\000m\000e\000n\000t\000a\000t\000i\000o\000n}{section.3.5}% 34
\BOOKMARK [3][-]{subsubsection.3.5.4.1}{\376\377\0003\000.\0005\000.\0004\000.\0001\000\040\000o\000p\000e\000r\000a\000t\000o\000r\000<\000\050\000\051}{subsection.3.5.4}% 35
\BOOKMARK [1][-]{section.3.6}{\376\377\0003\000.\0006\000\040\000s\000i\000p\000m\000:\000:\000S\000i\000P\000M\000P\000r\000o\000p\000e\000r\000t\000i\000e\000s\000\040\000C\000l\000a\000s\000s\000\040\000R\000e\000f\000e\000r\000e\000n\000c\000e}{chapter.3}% 36
\BOOKMARK [2][-]{subsection.3.6.1}{\376\377\0003\000.\0006\000.\0001\000\040\000D\000e\000t\000a\000i\000l\000e\000d\000\040\000D\000e\000s\000c\000r\000i\000p\000t\000i\000o\000n}{section.3.6}% 37
\BOOKMARK [2][-]{subsection.3.6.2}{\376\377\0003\000.\0006\000.\0002\000\040\000M\000e\000m\000b\000e\000r\000\040\000E\000n\000u\000m\000e\000r\000a\000t\000i\000o\000n\000\040\000D\000o\000c\000u\000m\000e\000n\000t\000a\000t\000i\000o\000n}{section.3.6}% 38
\BOOKMARK [3][-]{subsubsection.3.6.2.1}{\376\377\0003\000.\0006\000.\0002\000.\0001\000\040\000H\000i\000t\000D\000i\000s\000t\000r\000i\000b\000u\000t\000i\000o\000n}{subsection.3.6.2}% 39
\BOOKMARK [3][-]{subsubsection.3.6.2.2}{\376\377\0003\000.\0006\000.\0002\000.\0002\000\040\000P\000d\000e\000T\000y\000p\000e}{subsection.3.6.2}% 40
\BOOKMARK [2][-]{subsection.3.6.3}{\376\377\0003\000.\0006\000.\0003\000\040\000M\000e\000m\000b\000e\000r\000\040\000F\000u\000n\000c\000t\000i\000o\000n\000\040\000D\000o\000c\000u\000m\000e\000n\000t\000a\000t\000i\000o\000n}{section.3.6}% 41
\BOOKMARK [3][-]{subsubsection.3.6.3.1}{\376\377\0003\000.\0006\000.\0003\000.\0001\000\040\000f\000a\000l\000l\000i\000n\000g\000T\000i\000m\000e\000F\000a\000s\000t\000\050\000\051}{subsection.3.6.3}% 42
\BOOKMARK [3][-]{subsubsection.3.6.3.2}{\376\377\0003\000.\0006\000.\0003\000.\0002\000\040\000f\000a\000l\000l\000i\000n\000g\000T\000i\000m\000e\000S\000l\000o\000w\000\050\000\051}{subsection.3.6.3}% 43
\BOOKMARK [3][-]{subsubsection.3.6.3.3}{\376\377\0003\000.\0006\000.\0003\000.\0003\000\040\000h\000a\000s\000S\000l\000o\000w\000C\000o\000m\000p\000o\000n\000e\000n\000t\000\050\000\051}{subsection.3.6.3}% 44
\BOOKMARK [3][-]{subsubsection.3.6.3.4}{\376\377\0003\000.\0006\000.\0003\000.\0004\000\040\000r\000e\000a\000d\000S\000e\000t\000t\000i\000n\000g\000s\000\050\000\051}{subsection.3.6.3}% 45
\BOOKMARK [3][-]{subsubsection.3.6.3.5}{\376\377\0003\000.\0006\000.\0003\000.\0005\000\040\000r\000i\000s\000i\000n\000g\000T\000i\000m\000e\000\050\000\051}{subsection.3.6.3}% 46
\BOOKMARK [3][-]{subsubsection.3.6.3.6}{\376\377\0003\000.\0006\000.\0003\000.\0006\000\040\000s\000e\000t\000A\000p\000\050\000\051}{subsection.3.6.3}% 47
\BOOKMARK [3][-]{subsubsection.3.6.3.7}{\376\377\0003\000.\0006\000.\0003\000.\0007\000\040\000s\000e\000t\000C\000c\000g\000v\000\050\000\051}{subsection.3.6.3}% 48
\BOOKMARK [3][-]{subsubsection.3.6.3.8}{\376\377\0003\000.\0006\000.\0003\000.\0008\000\040\000s\000e\000t\000D\000c\000r\000\050\000\051}{subsection.3.6.3}% 49
\BOOKMARK [3][-]{subsubsection.3.6.3.9}{\376\377\0003\000.\0006\000.\0003\000.\0009\000\040\000s\000e\000t\000F\000a\000l\000l\000T\000i\000m\000e\000F\000a\000s\000t\000\050\000\051}{subsection.3.6.3}% 50
\BOOKMARK [3][-]{subsubsection.3.6.3.10}{\376\377\0003\000.\0006\000.\0003\000.\0001\0000\000\040\000s\000e\000t\000F\000a\000l\000l\000T\000i\000m\000e\000S\000l\000o\000w\000\050\000\051}{subsection.3.6.3}% 51
\BOOKMARK [3][-]{subsubsection.3.6.3.11}{\376\377\0003\000.\0006\000.\0003\000.\0001\0001\000\040\000s\000e\000t\000R\000i\000s\000e\000T\000i\000m\000e\000\050\000\051}{subsection.3.6.3}% 52
\BOOKMARK [3][-]{subsubsection.3.6.3.12}{\376\377\0003\000.\0006\000.\0003\000.\0001\0002\000\040\000s\000e\000t\000X\000t\000\050\000\051}{subsection.3.6.3}% 53
\BOOKMARK [3][-]{subsubsection.3.6.3.13}{\376\377\0003\000.\0006\000.\0003\000.\0001\0003\000\040\000s\000l\000o\000w\000C\000o\000m\000p\000o\000n\000e\000n\000t\000F\000r\000a\000c\000t\000i\000o\000n\000\050\000\051}{subsection.3.6.3}% 54
\BOOKMARK [1][-]{section.3.7}{\376\377\0003\000.\0007\000\040\000s\000i\000p\000m\000:\000:\000S\000i\000P\000M\000R\000a\000n\000d\000o\000m\000\040\000C\000l\000a\000s\000s\000\040\000R\000e\000f\000e\000r\000e\000n\000c\000e}{chapter.3}% 55
\BOOKMARK [2][-]{subsection.3.7.1}{\376\377\0003\000.\0007\000.\0001\000\040\000D\000e\000t\000a\000i\000l\000e\000d\000\040\000D\000e\000s\000c\000r\000i\000p\000t\000i\000o\000n}{section.3.7}% 56
\BOOKMARK [2][-]{subsection.3.7.2}{\376\377\0003\000.\0007\000.\0002\000\040\000M\000e\000m\000b\000e\000r\000\040\000F\000u\000n\000c\000t\000i\000o\000n\000\040\000D\000o\000c\000u\000m\000e\000n\000t\000a\000t\000i\000o\000n}{section.3.7}% 57
\BOOKMARK [3][-]{subsubsection.3.7.2.1}{\376\377\0003\000.\0007\000.\0002\000.\0001\000\040\000R\000a\000n\000d\000\050\000\051\000\040\000[\0001\000/\0002\000]}{subsection.3.7.2}% 58
\BOOKMARK [3][-]{subsubsection.3.7.2.2}{\376\377\0003\000.\0007\000.\0002\000.\0002\000\040\000R\000a\000n\000d\000\050\000\051\000\040\000[\0002\000/\0002\000]}{subsection.3.7.2}% 59
\BOOKMARK [3][-]{subsubsection.3.7.2.3}{\376\377\0003\000.\0007\000.\0002\000.\0003\000\040\000r\000a\000n\000d\000E\000x\000p\000o\000n\000e\000n\000t\000i\000a\000l\000\050\000\051}{subsection.3.7.2}% 60
\BOOKMARK [3][-]{subsubsection.3.7.2.4}{\376\377\0003\000.\0007\000.\0002\000.\0004\000\040\000r\000a\000n\000d\000G\000a\000u\000s\000s\000i\000a\000n\000\050\000\051\000\040\000[\0001\000/\0002\000]}{subsection.3.7.2}% 61
\BOOKMARK [3][-]{subsubsection.3.7.2.5}{\376\377\0003\000.\0007\000.\0002\000.\0005\000\040\000r\000a\000n\000d\000G\000a\000u\000s\000s\000i\000a\000n\000\050\000\051\000\040\000[\0002\000/\0002\000]}{subsection.3.7.2}% 62
\BOOKMARK [3][-]{subsubsection.3.7.2.6}{\376\377\0003\000.\0007\000.\0002\000.\0006\000\040\000r\000a\000n\000d\000I\000n\000t\000e\000g\000e\000r\000\050\000\051\000\040\000[\0001\000/\0002\000]}{subsection.3.7.2}% 63
\BOOKMARK [3][-]{subsubsection.3.7.2.7}{\376\377\0003\000.\0007\000.\0002\000.\0007\000\040\000r\000a\000n\000d\000I\000n\000t\000e\000g\000e\000r\000\050\000\051\000\040\000[\0002\000/\0002\000]}{subsection.3.7.2}% 64
\BOOKMARK [3][-]{subsubsection.3.7.2.8}{\376\377\0003\000.\0007\000.\0002\000.\0008\000\040\000r\000a\000n\000d\000P\000o\000i\000s\000s\000o\000n\000\050\000\051}{subsection.3.7.2}% 65
\BOOKMARK [3][-]{subsubsection.3.7.2.9}{\376\377\0003\000.\0007\000.\0002\000.\0009\000\040\000s\000e\000e\000d\000\050\000\051}{subsection.3.7.2}% 66
\BOOKMARK [1][-]{section.3.8}{\376\377\0003\000.\0008\000\040\000s\000i\000p\000m\000:\000:\000S\000i\000P\000M\000S\000e\000n\000s\000o\000r\000\040\000C\000l\000a\000s\000s\000\040\000R\000e\000f\000e\000r\000e\000n\000c\000e}{chapter.3}% 67
\BOOKMARK [2][-]{subsection.3.8.1}{\376\377\0003\000.\0008\000.\0001\000\040\000D\000e\000t\000a\000i\000l\000e\000d\000\040\000D\000e\000s\000c\000r\000i\000p\000t\000i\000o\000n}{section.3.8}% 68
\BOOKMARK [2][-]{subsection.3.8.2}{\376\377\0003\000.\0008\000.\0002\000\040\000M\000e\000m\000b\000e\000r\000\040\000E\000n\000u\000m\000e\000r\000a\000t\000i\000o\000n\000\040\000D\000o\000c\000u\000m\000e\000n\000t\000a\000t\000i\000o\000n}{section.3.8}% 69
\BOOKMARK [3][-]{subsubsection.3.8.2.1}{\376\377\0003\000.\0008\000.\0002\000.\0001\000\040\000P\000r\000e\000c\000i\000s\000i\000o\000n\000L\000e\000v\000e\000l}{subsection.3.8.2}% 70
\BOOKMARK [2][-]{subsection.3.8.3}{\376\377\0003\000.\0008\000.\0003\000\040\000C\000o\000n\000s\000t\000r\000u\000c\000t\000o\000r\000\040\000\046\000\040\000D\000e\000s\000t\000r\000u\000c\000t\000o\000r\000\040\000D\000o\000c\000u\000m\000e\000n\000t\000a\000t\000i\000o\000n}{section.3.8}% 71
\BOOKMARK [3][-]{subsubsection.3.8.3.1}{\376\377\0003\000.\0008\000.\0003\000.\0001\000\040\000S\000i\000P\000M\000S\000e\000n\000s\000o\000r\000\050\000\051\000\040\000[\0001\000/\0002\000]}{subsection.3.8.3}% 72
\BOOKMARK [3][-]{subsubsection.3.8.3.2}{\376\377\0003\000.\0008\000.\0003\000.\0002\000\040\000S\000i\000P\000M\000S\000e\000n\000s\000o\000r\000\050\000\051\000\040\000[\0002\000/\0002\000]}{subsection.3.8.3}% 73
\BOOKMARK [2][-]{subsection.3.8.4}{\376\377\0003\000.\0008\000.\0004\000\040\000M\000e\000m\000b\000e\000r\000\040\000F\000u\000n\000c\000t\000i\000o\000n\000\040\000D\000o\000c\000u\000m\000e\000n\000t\000a\000t\000i\000o\000n}{section.3.8}% 74
\BOOKMARK [3][-]{subsubsection.3.8.4.1}{\376\377\0003\000.\0008\000.\0004\000.\0001\000\040\000d\000e\000b\000u\000g\000\050\000\051}{subsection.3.8.4}% 75
\BOOKMARK [3][-]{subsubsection.3.8.4.2}{\376\377\0003\000.\0008\000.\0004\000.\0002\000\040\000p\000r\000o\000p\000e\000r\000t\000i\000e\000s\000\050\000\051\000\040\000[\0001\000/\0002\000]}{subsection.3.8.4}% 76
\BOOKMARK [3][-]{subsubsection.3.8.4.3}{\376\377\0003\000.\0008\000.\0004\000.\0003\000\040\000p\000r\000o\000p\000e\000r\000t\000i\000e\000s\000\050\000\051\000\040\000[\0002\000/\0002\000]}{subsection.3.8.4}% 77
\BOOKMARK [3][-]{subsubsection.3.8.4.4}{\376\377\0003\000.\0008\000.\0004\000.\0004\000\040\000r\000e\000s\000e\000t\000S\000t\000a\000t\000e\000\050\000\051}{subsection.3.8.4}% 78
\BOOKMARK [3][-]{subsubsection.3.8.4.5}{\376\377\0003\000.\0008\000.\0004\000.\0005\000\040\000r\000n\000g\000\050\000\051}{subsection.3.8.4}% 79
\BOOKMARK [3][-]{subsubsection.3.8.4.6}{\376\377\0003\000.\0008\000.\0004\000.\0006\000\040\000s\000e\000t\000P\000r\000e\000c\000i\000s\000i\000o\000n\000L\000e\000v\000e\000l\000\050\000\051}{subsection.3.8.4}% 80
\BOOKMARK [3][-]{subsubsection.3.8.4.7}{\376\377\0003\000.\0008\000.\0004\000.\0007\000\040\000s\000e\000t\000P\000r\000o\000p\000e\000r\000t\000i\000e\000s\000\050\000\051}{subsection.3.8.4}% 81
\BOOKMARK [3][-]{subsubsection.3.8.4.8}{\376\377\0003\000.\0008\000.\0004\000.\0008\000\040\000s\000e\000t\000P\000r\000o\000p\000e\000r\000t\000y\000\050\000\051}{subsection.3.8.4}% 82
\BOOKMARK [3][-]{subsubsection.3.8.4.9}{\376\377\0003\000.\0008\000.\0004\000.\0009\000\040\000s\000i\000g\000n\000a\000l\000\050\000\051}{subsection.3.8.4}% 83
\BOOKMARK [1][-]{section.3.9}{\376\377\0003\000.\0009\000\040\000s\000i\000p\000m\000:\000:\000S\000i\000P\000M\000R\000n\000g\000:\000:\000X\000o\000r\000s\000h\000i\000f\000t\0002\0005\0006\000p\000l\000u\000s\000\040\000C\000l\000a\000s\000s\000\040\000R\000e\000f\000e\000r\000e\000n\000c\000e}{chapter.3}% 84
\BOOKMARK [2][-]{subsection.3.9.1}{\376\377\0003\000.\0009\000.\0001\000\040\000D\000e\000t\000a\000i\000l\000e\000d\000\040\000D\000e\000s\000c\000r\000i\000p\000t\000i\000o\000n}{section.3.9}% 85
\BOOKMARK [2][-]{subsection.3.9.2}{\376\377\0003\000.\0009\000.\0002\000\040\000M\000e\000m\000b\000e\000r\000\040\000F\000u\000n\000c\000t\000i\000o\000n\000\040\000D\000o\000c\000u\000m\000e\000n\000t\000a\000t\000i\000o\000n}{section.3.9}% 86
\BOOKMARK [3][-]{subsubsection.3.9.2.1}{\376\377\0003\000.\0009\000.\0002\000.\0001\000\040\000j\000u\000m\000p\000\050\000\051}{subsection.3.9.2}% 87
\BOOKMARK [0][-]{section*.25}{\376\377\000I\000n\000d\000e\000x}{}% 88
